<?xml version="1.0" encoding="UTF-8"?>
<testsuite name="ru.shop.service.ProductReturnServiceTest" tests="5" skipped="0" failures="0" errors="0" timestamp="2024-06-01T06:09:04" hostname="DESKTOP-D9A6I98" time="0.914">
  <properties/>
  <testcase name="shouldThrowWhenProductReturnNotFound()" classname="ru.shop.service.ProductReturnServiceTest" time="0.565"/>
  <testcase name="shouldGetProductReturnById()" classname="ru.shop.service.ProductReturnServiceTest" time="0.088"/>
  <testcase name="shouldGetAllProductReturns()" classname="ru.shop.service.ProductReturnServiceTest" time="0.139"/>
  <testcase name="shouldSaveProductReturn()" classname="ru.shop.service.ProductReturnServiceTest" time="0.053"/>
  <testcase name="shouldThrowWhenReturningCountMoreOrderCount()" classname="ru.shop.service.ProductReturnServiceTest" time="0.009"/>
  <system-out><![CDATA[]]></system-out>
  <system-err><![CDATA[WARNING: A Java agent has been loaded dynamically (C:\Users\Admin\.gradle\caches\modules-2\files-2.1\net.bytebuddy\byte-buddy-agent\1.14.12\be4984cb6fd1ef1d11f218a648889dfda44b8a15\byte-buddy-agent-1.14.12.jar)
WARNING: If a serviceability tool is in use, please run with -XX:+EnableDynamicAgentLoading to hide this warning
WARNING: If a serviceability tool is not in use, please run with -Djdk.instrument.traceUsage for more information
WARNING: Dynamic loading of agents will be disallowed by default in a future release
]]></system-err>
</testsuite>
